#
# A fatal error has been detected by the Java Runtime Environment:
#
#  SIGSEGV (0xb) at pc=0x00007fff8d4134dd, pid=3016, tid=2571
#
# JRE version: Java(TM) SE Runtime Environment (8.0_91-b14) (build 1.8.0_91-b14)
# Java VM: Java HotSpot(TM) 64-Bit Server VM (25.91-b14 mixed mode bsd-amd64 compressed oops)
# Problematic frame:
# C  [libobjc.A.dylib+0x14dd]  objc_msgSend+0x1d
#
# Failed to write core dump. Core dumps have been disabled. To enable core dumping, try "ulimit -c unlimited" before starting Java again
#
# If you would like to submit a bug report, please visit:
#   http://bugreport.java.com/bugreport/crash.jsp
# The crash happened outside the Java Virtual Machine in native code.
# See problematic frame for where to report the bug.
#

---------------  T H R E A D  ---------------

Current thread (0x00007ff9e30fa800):  JavaThread "AppKit Thread" daemon [_thread_in_native, id=2571, stack(0x00007fff50996000,0x00007fff51196000)]

siginfo: si_signo: 11 (SIGSEGV), si_code: 1 (SEGV_MAPERR), si_addr: 0x0000000000000018

Registers:
RAX=0x00007ff9e2e70dd0, RBX=0x00007fff511910f8, RCX=0x00007ff9e2f7afa8, RDX=0x00007ff9e2d25e50
RSP=0x00007fff511910b8, RBP=0x00007fff511910c0, RSI=0x00007fff8750784a, RDI=0x00007ff9e2e70dd0
R8 =0x000000000000001f, R9 =0x00007ff9e2f4cec0, R10=0x00007fff8750784a, R11=0x0000000000000000
R12=0x00007ff9e2d25e50, R13=0x00007ff9e2f4cec0, R14=0x00007ff9e2f7afa0, R15=0x0000000000000000
RIP=0x00007fff8d4134dd, EFLAGS=0x0000000000010246, ERR=0x0000000000000004
  TRAPNO=0x000000000000000e

Top of Stack: (sp=0x00007fff511910b8)
0x00007fff511910b8:   00007fff95c05bbc 00007fff511910e0
0x00007fff511910c8:   00007fff95c05b4f 0000000000000000
0x00007fff511910d8:   0000000000000000 00007fff51191150
0x00007fff511910e8:   00007fff95c05ac7 00007fff51191120
0x00007fff511910f8:   00007fff76b300a0 0000000042000000
0x00007fff51191108:   00007fff95c05b10 00007fff7931c720
0x00007fff51191118:   00007ff9e2f4cec0 00007ff9e2d25e50
0x00007fff51191128:   00007fff511918f8 00007fff79449780
0x00007fff51191138:   00007fff511918f8 00007ff9e2f4cec0
0x00007fff51191148:   00007fff95fc59e2 00007fff51191190
0x00007fff51191158:   00007fff95c05832 00007fff51191770
0x00007fff51191168:   0000000000000001 00007fff79449780
0x00007fff51191178:   00007fff511918f8 00007fff8d4134c0
0x00007fff51191188:   00007fff95fc59e2 00007fff511918a0
0x00007fff51191198:   00007fff95bc25e2 00007ff9e2e61e40
0x00007fff511911a8:   ffff80061d19e1c0 00007fff77193e80
0x00007fff511911b8:   00007ff9e2e10c30 00007ff9e30090b8
0x00007fff511911c8:   00007ff9e2e779b0 0000000000000000
0x00007fff511911d8:   0000000000000000 0000000000000000
0x00007fff511911e8:   00007ff9e2e786c0 00007fff79359bc0
0x00007fff511911f8:   00007fff51191770 0000000000000002
0x00007fff51191208:   0000000000000100 00007fff51191200
0x00007fff51191218:   00007fff51191670 0000000000000000
0x00007fff51191228:   0000000000000100 00007fff51191200
0x00007fff51191238:   00007fff79449780 0000000000000000
0x00007fff51191248:   00007fff7931d500 00007fff79449780
0x00007fff51191258:   0000000000000000 00007fff7931d500
0x00007fff51191268:   00007fff77193e80 00007fff511912e0
0x00007fff51191278:   00007fff8d41b310 0000000000000000
0x00007fff51191288:   00007fff77195b90 0000000100000000
0x00007fff51191298:   0000000000000000 ffff80061d1c1340
0x00007fff511912a8:   00007ff9e2c6f850 00007ff9e2c6f9a0 

Instructions: (pc=0x00007fff8d4134dd)
0x00007fff8d4134bd:   44 00 00 48 85 ff 2e 74 62 40 f6 c7 01 2e 75 66
0x00007fff8d4134cd:   49 bb f8 ff ff ff ff 7f 00 00 4c 23 1f 49 89 f2
0x00007fff8d4134dd:   45 23 53 18 49 c1 e2 04 4d 03 53 10 49 3b 32 75
0x00007fff8d4134ed:   04 41 ff 62 08 49 83 3a 01 76 0d 49 83 c2 10 49 

Register to memory mapping:

RAX=0x00007ff9e2e70dd0 is an unknown value
RBX=0x00007fff511910f8 is pointing into the stack for thread: 0x00007ff9e30fa800
RCX=0x00007ff9e2f7afa8 is an unknown value
RDX=0x00007ff9e2d25e50 is an unknown value
RSP=0x00007fff511910b8 is pointing into the stack for thread: 0x00007ff9e30fa800
RBP=0x00007fff511910c0 is pointing into the stack for thread: 0x00007ff9e30fa800
RSI=0x00007fff8750784a: -[NSTitlebarContainerView transparent]+0x63088 in /System/Library/Frameworks/AppKit.framework/Versions/C/AppKit at 0x00007fff86a7a000
RDI=0x00007ff9e2e70dd0 is an unknown value
R8 =0x000000000000001f is an unknown value
R9 =0x00007ff9e2f4cec0 is an unknown value
R10=0x00007fff8750784a: -[NSTitlebarContainerView transparent]+0x63088 in /System/Library/Frameworks/AppKit.framework/Versions/C/AppKit at 0x00007fff86a7a000
R11=0x0000000000000000 is an unknown value
R12=0x00007ff9e2d25e50 is an unknown value
R13=0x00007ff9e2f4cec0 is an unknown value
R14=0x00007ff9e2f7afa0 is an unknown value
R15=0x0000000000000000 is an unknown value


Stack: [0x00007fff50996000,0x00007fff51196000],  sp=0x00007fff511910b8,  free space=8172k
Native frames: (J=compiled Java code, j=interpreted, Vv=VM code, C=native code)
C  [libobjc.A.dylib+0x14dd]  objc_msgSend+0x1d
C  [CoreFoundation+0xa0b4f]  ___CFXRegistrationPost_block_invoke+0x3f
C  [CoreFoundation+0xa0ac7]  _CFXRegistrationPost+0x197
C  [CoreFoundation+0xa0832]  ___CFXNotificationPost_block_invoke+0x32
C  [CoreFoundation+0x5d5e2]  -[_CFXNotificationRegistrar find:object:observer:enumerator:]+0x782
C  [CoreFoundation+0x5c835]  _CFXNotificationPost+0x2b5
C  [Foundation+0x717a]  -[NSNotificationCenter postNotificationName:object:userInfo:]+0x42
C  [AppKit+0x26526e]  -[NSSurface _disposeSurface]+0xa9
C  [AppKit+0x264cc7]  -[NSSurface setWindow:]+0x42
C  [AppKit+0x28ba7]  -[NSView _setWindow:]+0x9be
C  [AppKit+0x2b993]  -[NSView removeFromSuperview]+0x1d7
C  [AppKit+0x155c7b]  -[NSView removeFromSuperviewWithoutNeedingDisplay]+0x26
C  [liblwjgl.dylib+0xa205]  +[MacOSXKeyableWindow destroyWindow]+0xb5
C  [Foundation+0x76fde]  __NSThreadPerformPerform+0x117
C  [CoreFoundation+0xaa881]  __CFRUNLOOP_IS_CALLING_OUT_TO_A_SOURCE0_PERFORM_FUNCTION__+0x11
C  [CoreFoundation+0x89fbc]  __CFRunLoopDoSources0+0x22c
C  [CoreFoundation+0x894df]  __CFRunLoopRun+0x39f
C  [CoreFoundation+0x88ed8]  CFRunLoopRunSpecific+0x128
C  [HIToolbox+0x30935]  RunCurrentEventLoopInMode+0xeb
C  [HIToolbox+0x3076f]  ReceiveNextEventCommon+0x1b0
C  [HIToolbox+0x305af]  _BlockUntilNextEventMatchingListInModeWithFilter+0x47
C  [AppKit+0x48df6]  _DPSNextEvent+0x42b
C  [AppKit+0x48226]  -[NSApplication _nextEventMatchingEventMask:untilDate:inMode:dequeue:]+0x1c6
C  [libosxapp.dylib+0x23aa]  -[NSApplicationAWT nextEventMatchingMask:untilDate:inMode:dequeue:]+0x7c
C  [AppKit+0x3cd80]  -[NSApplication run]+0x2aa
C  [libosxapp.dylib+0x214d]  +[NSApplicationAWT runAWTLoopWithApp:]+0x9c
C  [libawt_lwawt.dylib+0x4455b]  -[AWTStarter starter:]+0x389
C  [Foundation+0x76fde]  __NSThreadPerformPerform+0x117
C  [CoreFoundation+0xaa881]  __CFRUNLOOP_IS_CALLING_OUT_TO_A_SOURCE0_PERFORM_FUNCTION__+0x11
C  [CoreFoundation+0x89fbc]  __CFRunLoopDoSources0+0x22c
C  [CoreFoundation+0x894df]  __CFRunLoopRun+0x39f
C  [CoreFoundation+0x88ed8]  CFRunLoopRunSpecific+0x128
C  [java+0x6463]  CreateExecutionEnvironment+0x367
C  [java+0x21ac]  JLI_Launch+0x7a0
C  [java+0x84c0]  main+0x65
C  [java+0x1a04]  start+0x34
C  0x0000000000000006


---------------  P R O C E S S  ---------------

Java Threads: ( => current thread )
  0x00007ff9e4afa800 JavaThread "AWT-Shutdown" [_thread_blocked, id=31511, stack(0x0000700000d3e000,0x0000700000e3e000)]
  0x00007ff9e4192800 JavaThread "Java2D Queue Flusher" daemon [_thread_blocked, id=58375, stack(0x0000700001af4000,0x0000700001bf4000)]
  0x00007ff9e395e800 JavaThread "Java2D Disposer" daemon [_thread_blocked, id=56335, stack(0x00007000019f1000,0x0000700001af1000)]
=>0x00007ff9e30fa800 JavaThread "AppKit Thread" daemon [_thread_in_native, id=2571, stack(0x00007fff50996000,0x00007fff51196000)]
  0x00007ff9e4818800 JavaThread "Service Thread" daemon [_thread_blocked, id=21251, stack(0x0000700001353000,0x0000700001453000)]
  0x00007ff9e4832000 JavaThread "C1 CompilerThread3" daemon [_thread_blocked, id=20739, stack(0x0000700001250000,0x0000700001350000)]
  0x00007ff9e403c000 JavaThread "C2 CompilerThread2" daemon [_thread_blocked, id=20227, stack(0x000070000114d000,0x000070000124d000)]
  0x00007ff9e3806800 JavaThread "C2 CompilerThread1" daemon [_thread_blocked, id=19715, stack(0x000070000104a000,0x000070000114a000)]
  0x00007ff9e3803800 JavaThread "C2 CompilerThread0" daemon [_thread_blocked, id=19203, stack(0x0000700000f47000,0x0000700001047000)]
  0x00007ff9e3800800 JavaThread "Signal Dispatcher" daemon [_thread_blocked, id=14863, stack(0x0000700000e44000,0x0000700000f44000)]
  0x00007ff9e3801800 JavaThread "Finalizer" daemon [_thread_blocked, id=14339, stack(0x0000700000c3b000,0x0000700000d3b000)]
  0x00007ff9e4001000 JavaThread "Reference Handler" daemon [_thread_blocked, id=13827, stack(0x0000700000b38000,0x0000700000c38000)]
  0x00007ff9e4002000 JavaThread "main" [_thread_in_native, id=5891, stack(0x000070000011a000,0x000070000021a000)]

Other Threads:
  0x00007ff9e3039000 VMThread [stack: 0x0000700000a35000,0x0000700000b35000] [id=13315]
  0x00007ff9e3808800 WatcherThread [stack: 0x0000700001456000,0x0000700001556000] [id=21763]

VM state:not at safepoint (normal execution)

VM Mutex/Monitor currently owned by a thread: None

Heap:
 PSYoungGen      total 71680K, used 19330K [0x0000000795580000, 0x000000079d080000, 0x00000007c0000000)
  eden space 66560K, 28% used [0x0000000795580000,0x0000000796808a10,0x0000000799680000)
  from space 5120K, 6% used [0x0000000799680000,0x00000007996d8000,0x0000000799b80000)
  to   space 5120K, 0% used [0x000000079cb80000,0x000000079cb80000,0x000000079d080000)
 ParOldGen       total 189440K, used 36278K [0x0000000740000000, 0x000000074b900000, 0x0000000795580000)
  object space 189440K, 19% used [0x0000000740000000,0x000000074236db78,0x000000074b900000)
 Metaspace       used 9755K, capacity 9941K, committed 10112K, reserved 1058816K
  class space    used 1019K, capacity 1085K, committed 1152K, reserved 1048576K

Card table byte_map: [0x0000000120154000,0x0000000120555000] byte_map_base: 0x000000011c754000

Marking Bits: (ParMarkBitMap*) 0x00000001106e6eb0
 Begin Bits: [0x0000000120800000, 0x0000000122800000)
 End Bits:   [0x0000000122800000, 0x0000000124800000)

Polling page: 0x000000010ed2d000

CodeCache: size=245760Kb used=4191Kb max_used=4202Kb free=241568Kb
 bounds [0x0000000110d94000, 0x00000001111b4000, 0x000000011fd94000]
 total_blobs=1572 nmethods=1059 adapters=427
 compilation: enabled

Compilation events (10 events):
Event: 15.845 Thread 0x00007ff9e4832000 1052       3       java.nio.HeapByteBuffer::put (16 bytes)
Event: 15.845 Thread 0x00007ff9e4832000 nmethod 1052 0x00000001111ad490 code [0x00000001111ad620, 0x00000001111ad9c8]
Event: 15.862 Thread 0x00007ff9e4832000 1057       3       java.nio.Bits::putIntB (43 bytes)
Event: 15.862 Thread 0x00007ff9e4832000 nmethod 1057 0x00000001111acad0 code [0x00000001111acc80, 0x00000001111ad278]
Event: 15.869 Thread 0x00007ff9e4832000 1058       3       java.nio.HeapByteBuffer::get (14 bytes)
Event: 15.869 Thread 0x00007ff9e4832000 nmethod 1058 0x00000001111ac3d0 code [0x00000001111ac560, 0x00000001111ac908]
Event: 15.886 Thread 0x00007ff9e4832000 1059       3       java.nio.Bits::makeInt (29 bytes)
Event: 15.887 Thread 0x00007ff9e4832000 nmethod 1059 0x00000001111ac090 code [0x00000001111ac1e0, 0x00000001111ac330]
Event: 16.870 Thread 0x00007ff9e403c000 1060       4       java.nio.DirectIntBufferU::get (16 bytes)
Event: 16.871 Thread 0x00007ff9e403c000 nmethod 1060 0x00000001111b2150 code [0x00000001111b22a0, 0x00000001111b2358]

GC Heap History (8 events):
Event: 0.708 GC heap before
{Heap before GC invocations=1 (full 0):
 PSYoungGen      total 38400K, used 22927K [0x0000000795580000, 0x0000000798000000, 0x00000007c0000000)
  eden space 33280K, 68% used [0x0000000795580000,0x0000000796be3c98,0x0000000797600000)
  from space 5120K, 0% used [0x0000000797b00000,0x0000000797b00000,0x0000000798000000)
  to   space 5120K, 0% used [0x0000000797600000,0x0000000797600000,0x0000000797b00000)
 ParOldGen       total 87552K, used 0K [0x0000000740000000, 0x0000000745580000, 0x0000000795580000)
  object space 87552K, 0% used [0x0000000740000000,0x0000000740000000,0x0000000745580000)
 Metaspace       used 8337K, capacity 8487K, committed 8704K, reserved 1056768K
  class space    used 871K, capacity 922K, committed 1024K, reserved 1048576K
Event: 0.717 GC heap after
Heap after GC invocations=1 (full 0):
 PSYoungGen      total 38400K, used 2562K [0x0000000795580000, 0x000000079a080000, 0x00000007c0000000)
  eden space 33280K, 0% used [0x0000000795580000,0x0000000795580000,0x0000000797600000)
  from space 5120K, 50% used [0x0000000797600000,0x0000000797880a08,0x0000000797b00000)
  to   space 5120K, 0% used [0x0000000799b80000,0x0000000799b80000,0x000000079a080000)
 ParOldGen       total 87552K, used 18241K [0x0000000740000000, 0x0000000745580000, 0x0000000795580000)
  object space 87552K, 20% used [0x0000000740000000,0x00000007411d0430,0x0000000745580000)
 Metaspace       used 8337K, capacity 8487K, committed 8704K, reserved 1056768K
  class space    used 871K, capacity 922K, committed 1024K, reserved 1048576K
}
Event: 0.897 GC heap before
{Heap before GC invocations=2 (full 0):
 PSYoungGen      total 38400K, used 35842K [0x0000000795580000, 0x000000079a080000, 0x00000007c0000000)
  eden space 33280K, 100% used [0x0000000795580000,0x0000000797600000,0x0000000797600000)
  from space 5120K, 50% used [0x0000000797600000,0x0000000797880a08,0x0000000797b00000)
  to   space 5120K, 0% used [0x0000000799b80000,0x0000000799b80000,0x000000079a080000)
 ParOldGen       total 87552K, used 18241K [0x0000000740000000, 0x0000000745580000, 0x0000000795580000)
  object space 87552K, 20% used [0x0000000740000000,0x00000007411d0430,0x0000000745580000)
 Metaspace       used 9404K, capacity 9589K, committed 9856K, reserved 1058816K
  class space    used 1003K, capacity 1053K, committed 1152K, reserved 1048576K
Event: 0.925 GC heap after
Heap after GC invocations=2 (full 0):
 PSYoungGen      total 71680K, used 1906K [0x0000000795580000, 0x000000079a080000, 0x00000007c0000000)
  eden space 66560K, 0% used [0x0000000795580000,0x0000000795580000,0x0000000799680000)
  from space 5120K, 37% used [0x0000000799b80000,0x0000000799d5c8f0,0x000000079a080000)
  to   space 5120K, 0% used [0x0000000799680000,0x0000000799680000,0x0000000799b80000)
 ParOldGen       total 112128K, used 111813K [0x0000000740000000, 0x0000000746d80000, 0x0000000795580000)
  object space 112128K, 99% used [0x0000000740000000,0x0000000746d314d0,0x0000000746d80000)
 Metaspace       used 9404K, capacity 9589K, committed 9856K, reserved 1058816K
  class space    used 1003K, capacity 1053K, committed 1152K, reserved 1048576K
}
Event: 0.925 GC heap before
{Heap before GC invocations=3 (full 1):
 PSYoungGen      total 71680K, used 1906K [0x0000000795580000, 0x000000079a080000, 0x00000007c0000000)
  eden space 66560K, 0% used [0x0000000795580000,0x0000000795580000,0x0000000799680000)
  from space 5120K, 37% used [0x0000000799b80000,0x0000000799d5c8f0,0x000000079a080000)
  to   space 5120K, 0% used [0x0000000799680000,0x0000000799680000,0x0000000799b80000)
 ParOldGen       total 112128K, used 111813K [0x0000000740000000, 0x0000000746d80000, 0x0000000795580000)
  object space 112128K, 99% used [0x0000000740000000,0x0000000746d314d0,0x0000000746d80000)
 Metaspace       used 9404K, capacity 9589K, committed 9856K, reserved 1058816K
  class space    used 1003K, capacity 1053K, committed 1152K, reserved 1048576K
Event: 0.942 GC heap after
Heap after GC invocations=3 (full 1):
 PSYoungGen      total 71680K, used 0K [0x0000000795580000, 0x000000079a080000, 0x00000007c0000000)
  eden space 66560K, 0% used [0x0000000795580000,0x0000000795580000,0x0000000799680000)
  from space 5120K, 0% used [0x0000000799b80000,0x0000000799b80000,0x000000079a080000)
  to   space 5120K, 0% used [0x0000000799680000,0x0000000799680000,0x0000000799b80000)
 ParOldGen       total 189440K, used 36270K [0x0000000740000000, 0x000000074b900000, 0x0000000795580000)
  object space 189440K, 19% used [0x0000000740000000,0x000000074236bb78,0x000000074b900000)
 Metaspace       used 9404K, capacity 9589K, committed 9856K, reserved 1058816K
  class space    used 1003K, capacity 1053K, committed 1152K, reserved 1048576K
}
Event: 1.212 GC heap before
{Heap before GC invocations=4 (full 1):
 PSYoungGen      total 71680K, used 66560K [0x0000000795580000, 0x000000079a080000, 0x00000007c0000000)
  eden space 66560K, 100% used [0x0000000795580000,0x0000000799680000,0x0000000799680000)
  from space 5120K, 0% used [0x0000000799b80000,0x0000000799b80000,0x000000079a080000)
  to   space 5120K, 0% used [0x0000000799680000,0x0000000799680000,0x0000000799b80000)
 ParOldGen       total 189440K, used 36270K [0x0000000740000000, 0x000000074b900000, 0x0000000795580000)
  object space 189440K, 19% used [0x0000000740000000,0x000000074236bb78,0x000000074b900000)
 Metaspace       used 9497K, capacity 9685K, committed 9856K, reserved 1058816K
  class space    used 1011K, capacity 1085K, committed 1152K, reserved 1048576K
Event: 1.214 GC heap after
Heap after GC invocations=4 (full 1):
 PSYoungGen      total 71680K, used 352K [0x0000000795580000, 0x000000079d080000, 0x00000007c0000000)
  eden space 66560K, 0% used [0x0000000795580000,0x0000000795580000,0x0000000799680000)
  from space 5120K, 6% used [0x0000000799680000,0x00000007996d8000,0x0000000799b80000)
  to   space 5120K, 0% used [0x000000079cb80000,0x000000079cb80000,0x000000079d080000)
 ParOldGen       total 189440K, used 36278K [0x0000000740000000, 0x000000074b900000, 0x0000000795580000)
  object space 189440K, 19% used [0x0000000740000000,0x000000074236db78,0x000000074b900000)
 Metaspace       used 9497K, capacity 9685K, committed 9856K, reserved 1058816K
  class space    used 1011K, capacity 1085K, committed 1152K, reserved 1048576K
}

Deoptimization events (5 events):
Event: 0.140 Thread 0x00007ff9e4002000 Uncommon trap: reason=unstable_if action=reinterpret pc=0x0000000110ed3340 method=java.lang.String.indexOf(II)I @ 49
Event: 0.308 Thread 0x00007ff9e4002000 Uncommon trap: reason=unstable_if action=reinterpret pc=0x0000000110f2569c method=java.lang.String.replace(CC)Ljava/lang/String; @ 26
Event: 0.546 Thread 0x00007ff9e4002000 Uncommon trap: reason=unstable_if action=reinterpret pc=0x0000000110f45e14 method=java.lang.String.indexOf([CII[CIII)I @ 3
Event: 1.036 Thread 0x00007ff9e4002000 Uncommon trap: reason=unstable_if action=reinterpret pc=0x000000011102dcd0 method=java.awt.image.ComponentColorModel.getDataElements(ILjava/lang/Object;)Ljava/lang/Object; @ 2993
Event: 1.036 Thread 0x00007ff9e4002000 Uncommon trap: reason=unstable_if action=reinterpret pc=0x000000011102c22c method=sun.awt.image.ByteInterleavedRaster.getDataElements(IILjava/lang/Object;)Ljava/lang/Object; @ 43

Internal exceptions (10 events):
Event: 0.128 Thread 0x00007ff9e4002000 Exception <a 'java/security/PrivilegedActionException'> (0x00000007958182c0) thrown at [/Users/java_re/workspace/8-2-build-macosx-x86_64/jdk8u91/6644/hotspot/src/share/vm/prims/jvm.cpp, line 1386]
Event: 0.129 Thread 0x00007ff9e4002000 Exception <a 'java/security/PrivilegedActionException'> (0x000000079581b758) thrown at [/Users/java_re/workspace/8-2-build-macosx-x86_64/jdk8u91/6644/hotspot/src/share/vm/prims/jvm.cpp, line 1386]
Event: 0.129 Thread 0x00007ff9e4002000 Exception <a 'java/security/PrivilegedActionException'> (0x000000079581b968) thrown at [/Users/java_re/workspace/8-2-build-macosx-x86_64/jdk8u91/6644/hotspot/src/share/vm/prims/jvm.cpp, line 1386]
Event: 0.166 Thread 0x00007ff9e4002000 Exception <a 'java/lang/NoSuchFieldError': method resolution failed> (0x00000007958eaee0) thrown at [/Users/java_re/workspace/8-2-build-macosx-x86_64/jdk8u91/6644/hotspot/src/share/vm/prims/methodHandles.cpp, line 1146]
Event: 0.168 Thread 0x00007ff9e4002000 Exception <a 'java/lang/NoSuchFieldError': method resolution failed> (0x00000007958f8630) thrown at [/Users/java_re/workspace/8-2-build-macosx-x86_64/jdk8u91/6644/hotspot/src/share/vm/prims/methodHandles.cpp, line 1146]
Event: 0.283 Thread 0x00007ff9e4002000 Exception <a 'java/io/FileNotFoundException'> (0x00000007959735b8) thrown at [/Users/java_re/workspace/8-2-build-macosx-x86_64/jdk8u91/6644/hotspot/src/share/vm/prims/jni.cpp, line 709]
Event: 0.283 Thread 0x00007ff9e4002000 Exception <a 'java/io/FileNotFoundException'> (0x0000000795974128) thrown at [/Users/java_re/workspace/8-2-build-macosx-x86_64/jdk8u91/6644/hotspot/src/share/vm/prims/jni.cpp, line 709]
Event: 0.526 Thread 0x00007ff9e4002000 Exception <a 'java/lang/NoClassDefFoundError': net/java/games/input/ControllerEnvironment> (0x0000000795e8b378) thrown at [/Users/java_re/workspace/8-2-build-macosx-x86_64/jdk8u91/6644/hotspot/src/share/vm/classfile/systemDictionary.cpp, line 199]
Event: 1.036 Thread 0x00007ff9e4002000 Implicit null exception at 0x000000011102d6e6 to 0x000000011102dcb5
Event: 1.036 Thread 0x00007ff9e4002000 Implicit null exception at 0x000000011102bfe4 to 0x000000011102c211

Events (10 events):
Event: 10.018 loading class sun/awt/AWTAutoShutdown$1
Event: 10.018 loading class sun/awt/AWTAutoShutdown$1 done
Event: 10.018 Thread 0x00007ff9e30e1800 Thread exited: 0x00007ff9e30e1800
Event: 10.096 Thread 0x00007ff9e4002000 DEOPT PACKING pc=0x000000011113a59c sp=0x00007000002193a0
Event: 10.097 Thread 0x00007ff9e4002000 DEOPT UNPACKING pc=0x0000000110ddb633 sp=0x00007000002191c0 mode 0
Event: 10.098 Thread 0x00007ff9e4002000 DEOPT PACKING pc=0x000000011113e41c sp=0x0000700000219220
Event: 10.098 Thread 0x00007ff9e4002000 DEOPT UNPACKING pc=0x0000000110ddb633 sp=0x0000700000219048 mode 0
Event: 10.579 Thread 0x00007ff9e4afa800 Thread added: 0x00007ff9e4afa800
Event: 17.263 loading class org/lwjgl/opengl/CallbackUtil
Event: 17.263 loading class org/lwjgl/opengl/CallbackUtil done


Dynamic libraries:
0x0000000005c26000 	/System/Library/Frameworks/Cocoa.framework/Versions/A/Cocoa
0x0000000005c26000 	/System/Library/Frameworks/Security.framework/Versions/A/Security
0x0000000005c26000 	/System/Library/Frameworks/ApplicationServices.framework/Versions/A/ApplicationServices
0x0000000005c26000 	/usr/lib/libz.1.dylib
0x0000000005c26000 	/usr/lib/libSystem.B.dylib
0x0000000005c26000 	/usr/lib/libobjc.A.dylib
0x0000000005c26000 	/System/Library/Frameworks/CoreFoundation.framework/Versions/A/CoreFoundation
0x0000000005c26000 	/System/Library/Frameworks/Foundation.framework/Versions/C/Foundation
0x0000000005c26000 	/System/Library/Frameworks/AppKit.framework/Versions/C/AppKit
0x0000000005c26000 	/System/Library/Frameworks/CoreData.framework/Versions/A/CoreData
0x0000000005c26000 	/System/Library/PrivateFrameworks/RemoteViewServices.framework/Versions/A/RemoteViewServices
0x0000000005c26000 	/System/Library/PrivateFrameworks/UIFoundation.framework/Versions/A/UIFoundation
0x0000000005c26000 	/usr/lib/libScreenReader.dylib
0x0000000005c26000 	/System/Library/Frameworks/Accelerate.framework/Versions/A/Accelerate
0x0000000005c26000 	/System/Library/Frameworks/IOSurface.framework/Versions/A/IOSurface
0x0000000005c26000 	/System/Library/Frameworks/AudioToolbox.framework/Versions/A/AudioToolbox
0x0000000005c26000 	/System/Library/Frameworks/AudioUnit.framework/Versions/A/AudioUnit
0x0000000005c26000 	/System/Library/PrivateFrameworks/DataDetectorsCore.framework/Versions/A/DataDetectorsCore
0x0000000005c26000 	/System/Library/PrivateFrameworks/DesktopServicesPriv.framework/Versions/A/DesktopServicesPriv
0x0000000005c26000 	/System/Library/Frameworks/Carbon.framework/Versions/A/Frameworks/HIToolbox.framework/Versions/A/HIToolbox
0x0000000005c26000 	/System/Library/Frameworks/QuartzCore.framework/Versions/A/QuartzCore
0x0000000005c26000 	/System/Library/Frameworks/Carbon.framework/Versions/A/Frameworks/SpeechRecognition.framework/Versions/A/SpeechRecognition
0x0000000005c26000 	/usr/lib/libauto.dylib
0x0000000005c26000 	/usr/lib/libicucore.A.dylib
0x0000000005c26000 	/usr/lib/libxml2.2.dylib
0x0000000005c26000 	/System/Library/PrivateFrameworks/CoreUI.framework/Versions/A/CoreUI
0x0000000005c26000 	/System/Library/Frameworks/CoreAudio.framework/Versions/A/CoreAudio
0x0000000005c26000 	/System/Library/Frameworks/DiskArbitration.framework/Versions/A/DiskArbitration
0x0000000005c26000 	/usr/lib/liblangid.dylib
0x0000000005c26000 	/System/Library/PrivateFrameworks/MultitouchSupport.framework/Versions/A/MultitouchSupport
0x0000000005c26000 	/System/Library/Frameworks/IOKit.framework/Versions/A/IOKit
0x0000000005c26000 	/usr/lib/libDiagnosticMessagesClient.dylib
0x0000000005c26000 	/System/Library/Frameworks/CoreServices.framework/Versions/A/CoreServices
0x0000000005c26000 	/System/Library/PrivateFrameworks/PerformanceAnalysis.framework/Versions/A/PerformanceAnalysis
0x0000000005c26000 	/System/Library/PrivateFrameworks/GenerationalStorage.framework/Versions/A/GenerationalStorage
0x0000000005c26000 	/System/Library/Frameworks/OpenGL.framework/Versions/A/OpenGL
0x0000000005c26000 	/System/Library/PrivateFrameworks/Sharing.framework/Versions/A/Sharing
0x0000000005c26000 	/System/Library/Frameworks/CoreGraphics.framework/Versions/A/CoreGraphics
0x0000000005c26000 	/System/Library/Frameworks/CoreImage.framework/Versions/A/CoreImage
0x0000000005c26000 	/System/Library/Frameworks/CoreText.framework/Versions/A/CoreText
0x0000000005c26000 	/System/Library/Frameworks/ImageIO.framework/Versions/A/ImageIO
0x0000000005c26000 	/System/Library/PrivateFrameworks/Backup.framework/Versions/A/Backup
0x0000000005c26000 	/usr/lib/libextension.dylib
0x0000000005c26000 	/usr/lib/libarchive.2.dylib
0x0000000005c26000 	/System/Library/Frameworks/CFNetwork.framework/Versions/A/CFNetwork
0x0000000005c26000 	/System/Library/Frameworks/SystemConfiguration.framework/Versions/A/SystemConfiguration
0x0000000005c26000 	/usr/lib/libCRFSuite.dylib
0x0000000005c26000 	/usr/lib/libc++.1.dylib
0x0000000005c26000 	/usr/lib/libc++abi.dylib
0x0000000005c26000 	/usr/lib/system/libcache.dylib
0x0000000005c26000 	/usr/lib/system/libcommonCrypto.dylib
0x0000000005c26000 	/usr/lib/system/libcompiler_rt.dylib
0x0000000005c26000 	/usr/lib/system/libcopyfile.dylib
0x0000000005c26000 	/usr/lib/system/libcorecrypto.dylib
0x0000000005c26000 	/usr/lib/system/libdispatch.dylib
0x0000000005c26000 	/usr/lib/system/libdyld.dylib
0x0000000005c26000 	/usr/lib/system/libkeymgr.dylib
0x0000000005c26000 	/usr/lib/system/liblaunch.dylib
0x0000000005c26000 	/usr/lib/system/libmacho.dylib
0x0000000005c26000 	/usr/lib/system/libquarantine.dylib
0x0000000005c26000 	/usr/lib/system/libremovefile.dylib
0x0000000005c26000 	/usr/lib/system/libsystem_asl.dylib
0x0000000005c26000 	/usr/lib/system/libsystem_blocks.dylib
0x0000000005c26000 	/usr/lib/system/libsystem_c.dylib
0x0000000005c26000 	/usr/lib/system/libsystem_configuration.dylib
0x0000000005c26000 	/usr/lib/system/libsystem_coreservices.dylib
0x0000000005c26000 	/usr/lib/system/libsystem_coretls.dylib
0x0000000005c26000 	/usr/lib/system/libsystem_dnssd.dylib
0x0000000005c26000 	/usr/lib/system/libsystem_info.dylib
0x0000000005c26000 	/usr/lib/system/libsystem_kernel.dylib
0x0000000005c26000 	/usr/lib/system/libsystem_m.dylib
0x0000000005c26000 	/usr/lib/system/libsystem_malloc.dylib
0x0000000005c26000 	/usr/lib/system/libsystem_network.dylib
0x0000000005c26000 	/usr/lib/system/libsystem_networkextension.dylib
0x0000000005c26000 	/usr/lib/system/libsystem_notify.dylib
0x0000000005c26000 	/usr/lib/system/libsystem_platform.dylib
0x0000000005c26000 	/usr/lib/system/libsystem_pthread.dylib
0x0000000005c26000 	/usr/lib/system/libsystem_sandbox.dylib
0x0000000005c26000 	/usr/lib/system/libsystem_secinit.dylib
0x0000000005c26000 	/usr/lib/system/libsystem_trace.dylib
0x0000000005c26000 	/usr/lib/system/libunc.dylib
0x0000000005c26000 	/usr/lib/system/libunwind.dylib
0x0000000005c26000 	/usr/lib/system/libxpc.dylib
0x0000000005c26000 	/usr/lib/libenergytrace.dylib
0x0000000005c26000 	/usr/lib/libbsm.0.dylib
0x0000000005c26000 	/usr/lib/system/libkxld.dylib
0x0000000005c26000 	/usr/lib/libxar.1.dylib
0x0000000005c26000 	/usr/lib/libsqlite3.dylib
0x0000000005c26000 	/usr/lib/libpam.2.dylib
0x0000000005c26000 	/usr/lib/libOpenScriptingUtil.dylib
0x0000000005c26000 	/usr/lib/libbz2.1.0.dylib
0x0000000005c26000 	/usr/lib/liblzma.5.dylib
0x0000000005c26000 	/System/Library/Frameworks/CoreServices.framework/Versions/A/Frameworks/FSEvents.framework/Versions/A/FSEvents
0x0000000005c26000 	/System/Library/Frameworks/CoreServices.framework/Versions/A/Frameworks/CarbonCore.framework/Versions/A/CarbonCore
0x0000000005c26000 	/System/Library/Frameworks/CoreServices.framework/Versions/A/Frameworks/Metadata.framework/Versions/A/Metadata
0x0000000005c26000 	/System/Library/Frameworks/CoreServices.framework/Versions/A/Frameworks/OSServices.framework/Versions/A/OSServices
0x0000000005c26000 	/System/Library/Frameworks/CoreServices.framework/Versions/A/Frameworks/SearchKit.framework/Versions/A/SearchKit
0x0000000005c26000 	/System/Library/Frameworks/CoreServices.framework/Versions/A/Frameworks/AE.framework/Versions/A/AE
0x0000000005c26000 	/System/Library/Frameworks/CoreServices.framework/Versions/A/Frameworks/LaunchServices.framework/Versions/A/LaunchServices
0x0000000005c26000 	/System/Library/Frameworks/CoreServices.framework/Versions/A/Frameworks/DictionaryServices.framework/Versions/A/DictionaryServices
0x0000000005c26000 	/System/Library/Frameworks/CoreServices.framework/Versions/A/Frameworks/SharedFileList.framework/Versions/A/SharedFileList
0x0000000005c26000 	/System/Library/Frameworks/NetFS.framework/Versions/A/NetFS
0x0000000005c26000 	/System/Library/PrivateFrameworks/NetAuth.framework/Versions/A/NetAuth
0x0000000005c26000 	/System/Library/PrivateFrameworks/login.framework/Versions/A/Frameworks/loginsupport.framework/Versions/A/loginsupport
0x0000000005c26000 	/System/Library/PrivateFrameworks/TCC.framework/Versions/A/TCC
0x0000000005c26000 	/usr/lib/libmecabra.dylib
0x0000000005c26000 	/System/Library/Frameworks/ApplicationServices.framework/Versions/A/Frameworks/ATS.framework/Versions/A/ATS
0x0000000005c26000 	/System/Library/Frameworks/ApplicationServices.framework/Versions/A/Frameworks/ColorSync.framework/Versions/A/ColorSync
0x0000000005c26000 	/System/Library/Frameworks/ApplicationServices.framework/Versions/A/Frameworks/HIServices.framework/Versions/A/HIServices
0x0000000005c26000 	/System/Library/Frameworks/ApplicationServices.framework/Versions/A/Frameworks/LangAnalysis.framework/Versions/A/LangAnalysis
0x0000000005c26000 	/System/Library/Frameworks/ApplicationServices.framework/Versions/A/Frameworks/PrintCore.framework/Versions/A/PrintCore
0x0000000005c26000 	/System/Library/Frameworks/ApplicationServices.framework/Versions/A/Frameworks/QD.framework/Versions/A/QD
0x0000000005c26000 	/System/Library/Frameworks/ApplicationServices.framework/Versions/A/Frameworks/SpeechSynthesis.framework/Versions/A/SpeechSynthesis
0x0000000005c26000 	/System/Library/Frameworks/Metal.framework/Versions/A/Metal
0x0000000005c26000 	/System/Library/Frameworks/Accelerate.framework/Versions/A/Frameworks/vImage.framework/Versions/A/vImage
0x0000000005c26000 	/System/Library/Frameworks/Accelerate.framework/Versions/A/Frameworks/vecLib.framework/Versions/A/vecLib
0x0000000005c26000 	/System/Library/Frameworks/Accelerate.framework/Versions/A/Frameworks/vecLib.framework/Versions/A/libvDSP.dylib
0x0000000005c26000 	/System/Library/Frameworks/Accelerate.framework/Versions/A/Frameworks/vecLib.framework/Versions/A/libvMisc.dylib
0x0000000005c26000 	/System/Library/Frameworks/Accelerate.framework/Versions/A/Frameworks/vecLib.framework/Versions/A/libLAPACK.dylib
0x0000000005c26000 	/System/Library/Frameworks/Accelerate.framework/Versions/A/Frameworks/vecLib.framework/Versions/A/libBLAS.dylib
0x0000000005c26000 	/System/Library/Frameworks/Accelerate.framework/Versions/A/Frameworks/vecLib.framework/Versions/A/libLinearAlgebra.dylib
0x0000000005c26000 	/System/Library/Frameworks/Accelerate.framework/Versions/A/Frameworks/vecLib.framework/Versions/A/libSparseBLAS.dylib
0x0000000005c26000 	/System/Library/PrivateFrameworks/GPUCompiler.framework/libmetal_timestamp.dylib
0x0000000005c26000 	/System/Library/Frameworks/OpenGL.framework/Versions/A/Libraries/libCoreFSCache.dylib
0x0000000005c26000 	/System/Library/PrivateFrameworks/IOAccelerator.framework/Versions/A/IOAccelerator
0x0000000005c26000 	/System/Library/Frameworks/ApplicationServices.framework/Versions/A/Frameworks/ATS.framework/Versions/A/Resources/libFontParser.dylib
0x0000000005c26000 	/System/Library/Frameworks/ApplicationServices.framework/Versions/A/Frameworks/ATS.framework/Versions/A/Resources/libFontRegistry.dylib
0x0000000005c26000 	/System/Library/PrivateFrameworks/AppleVPA.framework/Versions/A/AppleVPA
0x0000000005c26000 	/System/Library/PrivateFrameworks/AppleJPEG.framework/Versions/A/AppleJPEG
0x0000000005c26000 	/System/Library/Frameworks/ImageIO.framework/Versions/A/Resources/libJPEG.dylib
0x0000000005c26000 	/System/Library/Frameworks/ImageIO.framework/Versions/A/Resources/libTIFF.dylib
0x0000000005c26000 	/System/Library/Frameworks/ImageIO.framework/Versions/A/Resources/libPng.dylib
0x0000000005c26000 	/System/Library/Frameworks/ImageIO.framework/Versions/A/Resources/libGIF.dylib
0x0000000005c26000 	/System/Library/Frameworks/ImageIO.framework/Versions/A/Resources/libJP2.dylib
0x0000000005c26000 	/System/Library/Frameworks/ImageIO.framework/Versions/A/Resources/libRadiance.dylib
0x0000000005c26000 	/System/Library/Frameworks/CoreVideo.framework/Versions/A/CoreVideo
0x0000000005c26000 	/System/Library/Frameworks/OpenGL.framework/Versions/A/Libraries/libGLU.dylib
0x0000000005c26000 	/System/Library/Frameworks/OpenGL.framework/Versions/A/Libraries/libGFXShared.dylib
0x0000000005c26000 	/System/Library/Frameworks/OpenGL.framework/Versions/A/Libraries/libGL.dylib
0x0000000005c26000 	/System/Library/Frameworks/OpenGL.framework/Versions/A/Libraries/libGLImage.dylib
0x0000000005c26000 	/System/Library/Frameworks/OpenGL.framework/Versions/A/Libraries/libCVMSPluginSupport.dylib
0x0000000005c26000 	/System/Library/Frameworks/OpenGL.framework/Versions/A/Libraries/libCoreVMClient.dylib
0x0000000005c26000 	/usr/lib/libcompression.dylib
0x0000000005c26000 	/usr/lib/libcups.2.dylib
0x0000000005c26000 	/System/Library/Frameworks/Kerberos.framework/Versions/A/Kerberos
0x0000000005c26000 	/System/Library/Frameworks/GSS.framework/Versions/A/GSS
0x0000000005c26000 	/usr/lib/libresolv.9.dylib
0x0000000005c26000 	/usr/lib/libiconv.2.dylib
0x0000000005c26000 	/System/Library/PrivateFrameworks/Heimdal.framework/Versions/A/Heimdal
0x0000000005c26000 	/usr/lib/libheimdal-asn1.dylib
0x0000000005c26000 	/System/Library/Frameworks/OpenDirectory.framework/Versions/A/OpenDirectory
0x0000000005c26000 	/System/Library/PrivateFrameworks/CommonAuth.framework/Versions/A/CommonAuth
0x0000000005c26000 	/System/Library/Frameworks/OpenDirectory.framework/Versions/A/Frameworks/CFOpenDirectory.framework/Versions/A/CFOpenDirectory
0x0000000005c26000 	/System/Library/Frameworks/SecurityFoundation.framework/Versions/A/SecurityFoundation
0x0000000005c26000 	/System/Library/PrivateFrameworks/LanguageModeling.framework/Versions/A/LanguageModeling
0x0000000005c26000 	/usr/lib/libmarisa.dylib
0x0000000005c26000 	/usr/lib/libChineseTokenizer.dylib
0x0000000005c26000 	/usr/lib/libcmph.dylib
0x0000000005c26000 	/System/Library/Frameworks/ServiceManagement.framework/Versions/A/ServiceManagement
0x0000000005c26000 	/usr/lib/libxslt.1.dylib
0x0000000005c26000 	/System/Library/Frameworks/Carbon.framework/Versions/A/Frameworks/Ink.framework/Versions/A/Ink
0x0000000005c26000 	/usr/lib/libFosl_dynamic.dylib
0x0000000005c26000 	/System/Library/PrivateFrameworks/FaceCore.framework/Versions/A/FaceCore
0x0000000005c26000 	/System/Library/Frameworks/OpenCL.framework/Versions/A/OpenCL
0x0000000005c26000 	/System/Library/PrivateFrameworks/CrashReporterSupport.framework/Versions/A/CrashReporterSupport
0x0000000005c26000 	/System/Library/PrivateFrameworks/IconServices.framework/Versions/A/IconServices
0x0000000005c26000 	/System/Library/PrivateFrameworks/Apple80211.framework/Versions/A/Apple80211
0x0000000005c26000 	/System/Library/Frameworks/CoreWLAN.framework/Versions/A/CoreWLAN
0x0000000005c26000 	/System/Library/Frameworks/IOBluetooth.framework/Versions/A/IOBluetooth
0x0000000005c26000 	/System/Library/PrivateFrameworks/CoreWiFi.framework/Versions/A/CoreWiFi
0x0000000005c26000 	/System/Library/Frameworks/CoreBluetooth.framework/Versions/A/CoreBluetooth
0x0000000005c26000 	/System/Library/PrivateFrameworks/ChunkingLibrary.framework/Versions/A/ChunkingLibrary
0x0000000005c26000 	/System/Library/PrivateFrameworks/DebugSymbols.framework/Versions/A/DebugSymbols
0x0000000005c26000 	/System/Library/PrivateFrameworks/CoreSymbolication.framework/Versions/A/CoreSymbolication
0x0000000005c26000 	/System/Library/PrivateFrameworks/Symbolication.framework/Versions/A/Symbolication
0x0000000005c26000 	/System/Library/PrivateFrameworks/SpeechRecognitionCore.framework/Versions/A/SpeechRecognitionCore
0x000000010fe00000 	/Library/Java/JavaVirtualMachines/jdk1.8.0_91.jdk/Contents/Home/jre/lib/server/libjvm.dylib
0x0000000005c26000 	/usr/lib/libstdc++.6.dylib
0x000000010ecea000 	/Library/Java/JavaVirtualMachines/jdk1.8.0_91.jdk/Contents/Home/jre/lib/libverify.dylib
0x000000010ecf8000 	/Library/Java/JavaVirtualMachines/jdk1.8.0_91.jdk/Contents/Home/jre/lib/libjava.dylib
0x000000010ed37000 	/Library/Java/JavaVirtualMachines/jdk1.8.0_91.jdk/Contents/Home/jre/lib/libzip.dylib
0x00000001272cb000 	/System/Library/Frameworks/JavaVM.framework/Frameworks/JavaRuntimeSupport.framework/JavaRuntimeSupport
0x00000001272e6000 	/System/Library/Frameworks/JavaVM.framework/Versions/A/Frameworks/JavaNativeFoundation.framework/Versions/A/JavaNativeFoundation
0x000000010edec000 	/System/Library/Frameworks/JavaVM.framework/Versions/A/JavaVM
0x0000000005c26000 	/System/Library/Frameworks/Carbon.framework/Versions/A/Carbon
0x00000001272fb000 	/System/Library/PrivateFrameworks/JavaLaunching.framework/Versions/A/JavaLaunching
0x0000000005c26000 	/System/Library/Frameworks/Carbon.framework/Versions/A/Frameworks/CommonPanels.framework/Versions/A/CommonPanels
0x0000000005c26000 	/System/Library/Frameworks/Carbon.framework/Versions/A/Frameworks/Help.framework/Versions/A/Help
0x0000000005c26000 	/System/Library/Frameworks/Carbon.framework/Versions/A/Frameworks/ImageCapture.framework/Versions/A/ImageCapture
0x0000000005c26000 	/System/Library/Frameworks/Carbon.framework/Versions/A/Frameworks/OpenScripting.framework/Versions/A/OpenScripting
0x0000000005c26000 	/System/Library/Frameworks/Carbon.framework/Versions/A/Frameworks/Print.framework/Versions/A/Print
0x0000000005c26000 	/System/Library/Frameworks/Carbon.framework/Versions/A/Frameworks/SecurityHI.framework/Versions/A/SecurityHI
0x0000000128c6c000 	/Library/Java/JavaVirtualMachines/jdk1.8.0_91.jdk/Contents/Home/jre/lib/libawt.dylib
0x0000000128d14000 	/Library/Java/JavaVirtualMachines/jdk1.8.0_91.jdk/Contents/Home/jre/lib/./libmlib_image.dylib
0x0000000128de0000 	/Library/Java/JavaVirtualMachines/jdk1.8.0_91.jdk/Contents/Home/jre/lib/libawt_lwawt.dylib
0x0000000128e95000 	/Library/Java/JavaVirtualMachines/jdk1.8.0_91.jdk/Contents/Home/jre/lib/./libosxapp.dylib
0x0000000005c26000 	/System/Library/Frameworks/ExceptionHandling.framework/Versions/A/ExceptionHandling
0x0000000005c26000 	/System/Library/PrivateFrameworks/CoreServicesInternal.framework/Versions/A/CoreServicesInternal
0x0000000005c26000 	/System/Library/Frameworks/CoreGraphics.framework/Versions/A/Resources/libRIP.A.dylib
0x0000000005c26000 	/System/Library/Frameworks/Accelerate.framework/Versions/A/Frameworks/vImage.framework/Versions/A/Libraries/libCGInterfaces.dylib
0x0000000005c26000 	/System/Library/Frameworks/CoreGraphics.framework/Versions/A/Resources/libCGXType.A.dylib
0x0000000005c26000 	/System/Library/Frameworks/OpenCL.framework/Versions/A/Libraries/libcldcpuengine.dylib
0x0000000005c26000 	/System/Library/PrivateFrameworks/DiskImages.framework/Versions/A/DiskImages
0x0000000005c26000 	/System/Library/Frameworks/DiscRecording.framework/Versions/A/DiscRecording
0x0000000005c26000 	/usr/lib/libcsfde.dylib
0x0000000005c26000 	/usr/lib/libcurl.4.dylib
0x0000000005c26000 	/System/Library/PrivateFrameworks/MediaKit.framework/Versions/A/MediaKit
0x0000000005c26000 	/System/Library/PrivateFrameworks/ProtectedCloudStorage.framework/Versions/A/ProtectedCloudStorage
0x0000000005c26000 	/usr/lib/libCoreStorage.dylib
0x0000000005c26000 	/System/Library/PrivateFrameworks/EFILogin.framework/Versions/A/EFILogin
0x0000000005c26000 	/usr/lib/libutil.dylib
0x0000000005c26000 	/System/Library/PrivateFrameworks/FindMyDevice.framework/Versions/A/FindMyDevice
0x0000000005c26000 	/System/Library/Frameworks/LDAP.framework/Versions/A/LDAP
0x0000000005c26000 	/usr/lib/libsasl2.2.dylib
0x0000000005c26000 	/System/Library/PrivateFrameworks/CoreDaemon.framework/Versions/B/CoreDaemon
0x0000000005c26000 	/usr/lib/libcrypto.0.9.8.dylib
0x0000000005c26000 	/System/Library/PrivateFrameworks/AppleSRP.framework/Versions/A/AppleSRP
0x0000000005c26000 	/System/Library/PrivateFrameworks/TrustEvaluationAgent.framework/Versions/A/TrustEvaluationAgent
0x000000012a4ef000 	cl_kernels
0x0000000005c26000 	/System/Library/Frameworks/OpenCL.framework/Versions/A/Libraries/ImageFormats/unorm8_bgra.dylib
0x0000000005c26000 	/System/Library/Frameworks/OpenCL.framework/Versions/A/Libraries/ImageFormats/unorm8_rgba.dylib
0x0000000005c26000 	/System/Library/PrivateFrameworks/FamilyControls.framework/Versions/A/FamilyControls
0x0000000005c26000 	/System/Library/PrivateFrameworks/CommerceKit.framework/Versions/A/Frameworks/CommerceCore.framework/Versions/A/CommerceCore
0x0000000005c26000 	/System/Library/PrivateFrameworks/SystemAdministration.framework/Versions/A/SystemAdministration
0x0000000005c26000 	/System/Library/PrivateFrameworks/AppContainer.framework/Versions/A/AppContainer
0x0000000005c26000 	/System/Library/PrivateFrameworks/SecCodeWrapper.framework/Versions/A/SecCodeWrapper
0x0000000005c26000 	/System/Library/Frameworks/DirectoryService.framework/Versions/A/DirectoryService
0x0000000005c26000 	/System/Library/PrivateFrameworks/LoginUIKit.framework/Versions/A/Frameworks/LoginUICore.framework/Versions/A/LoginUICore
0x0000000005c26000 	/usr/lib/libodfde.dylib
0x000000012b50c000 	/Library/Java/JavaVirtualMachines/jdk1.8.0_91.jdk/Contents/Home/jre/lib/libfontmanager.dylib
0x000000012b573000 	/Users/zackhillman/workspace/CompSciGame/natives/macosx/liblwjgl.dylib
0x00000001299bc000 	/Library/Java/JavaVirtualMachines/jdk1.8.0_91.jdk/Contents/Home/jre/lib/libjawt.dylib
0x0000000005c26000 	/System/Library/Frameworks/OpenGL.framework/Versions/A/Resources/GLEngine.bundle/GLEngine
0x0000000005c26000 	/System/Library/Frameworks/OpenGL.framework/Versions/A/Libraries/libGLProgrammability.dylib
0x000000012b5f5000 	/System/Library/Extensions/AppleIntelHD4000GraphicsGLDriver.bundle/Contents/MacOS/AppleIntelHD4000GraphicsGLDriver
0x0000000005c26000 	/System/Library/PrivateFrameworks/GPUSupport.framework/Versions/A/Libraries/libGPUSupportMercury.dylib
0x0000000005c26000 	/System/Library/Extensions/GeForceGLDriver.bundle/Contents/MacOS/GeForceGLDriver
0x0000000005c26000 	/System/Library/Extensions/GeForceGLDriver.bundle/Contents/MacOS/libclh.dylib
0x0000000005c26000 	/System/Library/Frameworks/OpenGL.framework/Versions/A/Resources/GLRendererFloat.bundle/GLRendererFloat
0x000000012d394000 	/Library/Java/JavaVirtualMachines/jdk1.8.0_91.jdk/Contents/Home/jre/lib/libnio.dylib
0x000000012d3a4000 	/Library/Java/JavaVirtualMachines/jdk1.8.0_91.jdk/Contents/Home/jre/lib/./libnet.dylib
0x000000012d3bf000 	/Library/Java/JavaVirtualMachines/jdk1.8.0_91.jdk/Contents/Home/jre/lib/libjpeg.dylib
0x000000012d3ff000 	/Library/Java/JavaVirtualMachines/jdk1.8.0_91.jdk/Contents/Home/jre/lib/liblcms.dylib

VM Arguments:
jvm_args: -Djava.library.path=/Users/zackhillman/workspace/CompSciGame/natives/macosx -Dfile.encoding=UTF-8 
java_command: gui.Game
java_class_path (initial): /Users/zackhillman/workspace/CompSciGame/bin:/Users/zackhillman/workspace/CompSciGame/lib/lwjgl.jar:/Users/zackhillman/workspace/CompSciGame/lib/slick.jar
Launcher Type: SUN_STANDARD

Environment Variables:
PATH=/usr/bin:/bin:/usr/sbin:/sbin
SHELL=/bin/bash

Signal Handlers:
SIGSEGV: [libjvm.dylib+0x5a97a1], sa_mask[0]=11111111011111110111111111111111, sa_flags=SA_ONSTACK|SA_RESTART|SA_SIGINFO
SIGBUS: [libjvm.dylib+0x5a97a1], sa_mask[0]=11111111011111110111111111111111, sa_flags=SA_RESTART|SA_SIGINFO
SIGFPE: [libjvm.dylib+0x482594], sa_mask[0]=11111111011111110111111111111111, sa_flags=SA_RESTART|SA_SIGINFO
SIGPIPE: [libjvm.dylib+0x482594], sa_mask[0]=11111111011111110111111111111111, sa_flags=SA_RESTART|SA_SIGINFO
SIGXFSZ: [libjvm.dylib+0x482594], sa_mask[0]=11111111011111110111111111111111, sa_flags=SA_RESTART|SA_SIGINFO
SIGILL: [libjvm.dylib+0x482594], sa_mask[0]=11111111011111110111111111111111, sa_flags=SA_RESTART|SA_SIGINFO
SIGUSR1: SIG_DFL, sa_mask[0]=00000000000000000000000000000000, sa_flags=none
SIGUSR2: [libjvm.dylib+0x4820b2], sa_mask[0]=00100000000000000000000000000000, sa_flags=SA_RESTART|SA_SIGINFO
SIGHUP: [libjvm.dylib+0x480689], sa_mask[0]=11111111011111110111111111111111, sa_flags=SA_RESTART|SA_SIGINFO
SIGINT: [libjvm.dylib+0x480689], sa_mask[0]=11111111011111110111111111111111, sa_flags=SA_RESTART|SA_SIGINFO
SIGTERM: [libjvm.dylib+0x480689], sa_mask[0]=11111111011111110111111111111111, sa_flags=SA_RESTART|SA_SIGINFO
SIGQUIT: [libjvm.dylib+0x480689], sa_mask[0]=11111111011111110111111111111111, sa_flags=SA_RESTART|SA_SIGINFO


---------------  S Y S T E M  ---------------

OS:Bsduname:Darwin 15.5.0 Darwin Kernel Version 15.5.0: Tue Apr 19 18:36:36 PDT 2016; root:xnu-3248.50.21~8/RELEASE_X86_64 x86_64
rlimit: STACK 8192k, CORE 0k, NPROC 709, NOFILE 10240, AS infinity
load average:1.86 1.88 1.76

CPU:total 8 (4 cores per cpu, 2 threads per core) family 6 model 58 stepping 9, cmov, cx8, fxsr, mmx, sse, sse2, sse3, ssse3, sse4.1, sse4.2, popcnt, avx, aes, clmul, erms, ht, tsc, tscinvbit, tscinv

Memory: 4k page, physical 8388608k(2298784k free)

/proc/meminfo:


vm_info: Java HotSpot(TM) 64-Bit Server VM (25.91-b14) for bsd-amd64 JRE (1.8.0_91-b14), built on Apr  1 2016 01:03:00 by "java_re" with gcc 4.2.1 (Based on Apple Inc. build 5658) (LLVM build 2336.11.00)

time: Tue Jun 14 16:47:33 2016
elapsed time: 17 seconds (0d 0h 0m 17s)

